<?xml version="1.0" encoding="UTF-8"?>
<!-- Generated by org.testng.reporters.JUnitReportReporter -->
<testsuite hostname="DESKTOP-2SGPBKM" failures="0" tests="1" name="TestCase.HotelSearch_TestCase" time="116.652" errors="0" timestamp="2024-07-07T17:46:12 IST" skipped="0">
  <testcase classname="TestCase.HotelSearch_TestCase" name="hotelSearchTest" time="116.652"/>
  <system-out/>
</testsuite> <!-- TestCase.HotelSearch_TestCase -->
